<?xml version="1.0" encoding="UTF-8"?>
<!-- Generated by org.testng.reporters.JUnitReportReporter -->
<testsuite hostname="MUM-TSI-AN-L362" failures="0" tests="1" name="Gproject.newdemoproject" time="0.007" errors="0" timestamp="2022-01-17T13:18:04 IST" skipped="0">
  <testcase classname="Gproject.newdemoproject" name="tester" time="0.007"/>
  <system-out/>
</testsuite> <!-- Gproject.newdemoproject -->
